============================= test session starts =============================
collecting ... collected 41 items

tests\integration\test_api_chat.py::TestChatEndpoint::test_chat_returns_reply PASSED [  2%]
tests\integration\test_api_chat.py::TestChatEndpoint::test_chat_with_empty_message PASSED [  4%]
tests\integration\test_api_chat.py::TestChatEndpoint::test_chat_with_schedule_action PASSED [  7%]
tests\integration\test_api_chat.py::TestChatEndpoint::test_chat_with_cancel_action PASSED [  9%]
tests\integration\test_api_chat.py::TestConfirmInvite::test_confirm_invalid_token FAILED [ 12%]
tests\integration\test_api_chat.py::TestDeclineInvite::test_decline_invalid_token FAILED [ 14%]
tests\integration\test_api_chat.py::TestConfirmCancel::test_confirm_cancel_invalid_token FAILED [ 17%]
tests\integration\test_api_chat.py::TestConfirmReschedule::test_confirm_reschedule_invalid_token FAILED [ 19%]
tests\integration\test_api_chat.py::TestDeclineReschedule::test_decline_reschedule_invalid_token FAILED [ 21%]
tests\integration\test_api_dashboard.py::TestDashboardStats::test_stats_endpoint_returns_structure PASSED [ 24%]
tests\integration\test_api_dashboard.py::TestDashboardStats::test_stats_with_seeded_data PASSED [ 26%]
tests\integration\test_api_dashboard.py::TestDashboardStats::test_stats_empty_db PASSED [ 29%]
tests\integration\test_api_dashboard.py::TestDashboardLogs::test_logs_endpoint_returns_structure PASSED [ 31%]
tests\integration\test_api_dashboard.py::TestDashboardLogs::test_logs_with_seeded_data PASSED [ 34%]
tests\integration\test_api_dashboard.py::TestDashboardLogs::test_logs_pagination PASSED [ 36%]
tests\integration\test_api_dashboard.py::TestDashboardLogs::test_logs_page_2 PASSED [ 39%]
tests\integration\test_api_dashboard.py::TestDashboardLogs::test_logs_filter_by_agent PASSED [ 41%]
tests\integration\test_api_dashboard.py::TestDashboardLogs::test_logs_filter_by_status PASSED [ 43%]
tests\integration\test_api_dashboard.py::TestDashboardLogs::test_logs_search PASSED [ 46%]
tests\integration\test_api_dashboard.py::TestDashboardLogs::test_logs_combined_filters PASSED [ 48%]
tests\integration\test_api_dashboard.py::TestDashboardLogs::test_logs_empty_result PASSED [ 51%]
tests\integration\test_api_dashboard.py::TestDashboardLogs::test_logs_date_filter PASSED [ 53%]
tests\integration\test_api_webhook.py::TestWebhookEndpoint::test_webhook_returns_processed PASSED [ 56%]
tests\integration\test_api_webhook.py::TestWebhookEndpoint::test_webhook_inquiry_flow PASSED [ 58%]
tests\integration\test_api_webhook.py::TestWebhookEndpoint::test_webhook_cancel_flow PASSED [ 60%]
tests\integration\test_api_webhook.py::TestWebhookEndpoint::test_webhook_reschedule_flow PASSED [ 63%]
tests\integration\test_api_webhook.py::TestWebhookEndpoint::test_webhook_missing_fields_422 PASSED [ 65%]
tests\integration\test_api_webhook.py::TestWebhookEndpoint::test_webhook_invalid_timestamp_422 FAILED [ 68%]
tests\integration\test_api_webhook.py::TestWebhookEndpoint::test_webhook_empty_body_allowed PASSED [ 70%]
tests\integration\test_gmail_poller.py::TestParseMessage::test_parse_success PASSED [ 73%]
tests\integration\test_gmail_poller.py::TestParseMessage::test_parse_failure_returns_none PASSED [ 75%]
tests\integration\test_gmail_poller.py::TestMarkAsRead::test_mark_as_read_success PASSED [ 78%]
tests\integration\test_gmail_poller.py::TestMarkAsRead::test_mark_as_read_error_does_not_raise PASSED [ 80%]
tests\integration\test_gmail_poller.py::TestPollGmail::test_poll_gmail_processes_messages FAILED [ 82%]
tests\integration\test_gmail_poller.py::TestPollGmail::test_poll_gmail_skips_spam FAILED [ 85%]
tests\integration\test_gmail_poller.py::TestPollGmail::test_poll_gmail_no_messages FAILED [ 87%]
tests\integration\test_gmail_poller.py::TestPollGmail::test_poll_gmail_auth_failure FAILED [ 90%]
tests\e2e\test_full_pipeline.py::TestFullSchedulePipeline::test_full_schedule_flow PASSED [ 92%]
tests\e2e\test_full_pipeline.py::TestFullSchedulePipeline::test_full_schedule_with_conflict PASSED [ 95%]
tests\e2e\test_full_pipeline.py::TestFullCancelPipeline::test_full_cancel_flow PASSED [ 97%]
tests\e2e\test_full_pipeline.py::TestFullPipelineWithEvaluation::test_pipeline_with_retry FAILED [100%]

================================== FAILURES ===================================
________________ TestConfirmInvite.test_confirm_invalid_token _________________
tests\integration\test_api_chat.py:95: in test_confirm_invalid_token
    response = test_client.get("/chat/confirm/nonexistent-token")
               ^^^^^^^^^^^^^^^^^^^^^^^^^^^^^^^^^^^^^^^^^^^^^^^^^^
C:\Users\admin\miniconda3\Lib\site-packages\starlette\testclient.py:479: in get
    return super().get(
C:\Users\admin\miniconda3\Lib\site-packages\httpx\_client.py:1053: in get
    return self.request(
C:\Users\admin\miniconda3\Lib\site-packages\starlette\testclient.py:451: in request
    return super().request(
C:\Users\admin\miniconda3\Lib\site-packages\httpx\_client.py:825: in request
    return self.send(request, auth=auth, follow_redirects=follow_redirects)
           ^^^^^^^^^^^^^^^^^^^^^^^^^^^^^^^^^^^^^^^^^^^^^^^^^^^^^^^^^^^^^^^^
C:\Users\admin\miniconda3\Lib\site-packages\httpx\_client.py:914: in send
    response = self._send_handling_auth(
C:\Users\admin\miniconda3\Lib\site-packages\httpx\_client.py:942: in _send_handling_auth
    response = self._send_handling_redirects(
C:\Users\admin\miniconda3\Lib\site-packages\httpx\_client.py:979: in _send_handling_redirects
    response = self._send_single_request(request)
               ^^^^^^^^^^^^^^^^^^^^^^^^^^^^^^^^^^
C:\Users\admin\miniconda3\Lib\site-packages\httpx\_client.py:1014: in _send_single_request
    response = transport.handle_request(request)
               ^^^^^^^^^^^^^^^^^^^^^^^^^^^^^^^^^
C:\Users\admin\miniconda3\Lib\site-packages\starlette\testclient.py:354: in handle_request
    raise exc
C:\Users\admin\miniconda3\Lib\site-packages\starlette\testclient.py:351: in handle_request
    portal.call(self.app, scope, receive, send)
C:\Users\admin\miniconda3\Lib\site-packages\anyio\from_thread.py:326: in call
    return cast(T_Retval, self.start_task_soon(func, *args).result())
                          ^^^^^^^^^^^^^^^^^^^^^^^^^^^^^^^^^^^^^^^^^^
C:\Users\admin\miniconda3\Lib\concurrent\futures\_base.py:456: in result
    return self.__get_result()
           ^^^^^^^^^^^^^^^^^^^
C:\Users\admin\miniconda3\Lib\concurrent\futures\_base.py:401: in __get_result
    raise self._exception
C:\Users\admin\miniconda3\Lib\site-packages\anyio\from_thread.py:257: in _call_func
    retval = await retval_or_awaitable
             ^^^^^^^^^^^^^^^^^^^^^^^^^
C:\Users\admin\miniconda3\Lib\site-packages\fastapi\applications.py:1082: in __call__
    await super().__call__(scope, receive, send)
C:\Users\admin\miniconda3\Lib\site-packages\starlette\applications.py:113: in __call__
    await self.middleware_stack(scope, receive, send)
C:\Users\admin\miniconda3\Lib\site-packages\starlette\middleware\errors.py:186: in __call__
    raise exc
C:\Users\admin\miniconda3\Lib\site-packages\starlette\middleware\errors.py:164: in __call__
    await self.app(scope, receive, _send)
C:\Users\admin\miniconda3\Lib\site-packages\starlette\middleware\cors.py:85: in __call__
    await self.app(scope, receive, send)
C:\Users\admin\miniconda3\Lib\site-packages\starlette\middleware\exceptions.py:63: in __call__
    await wrap_app_handling_exceptions(self.app, conn)(scope, receive, send)
C:\Users\admin\miniconda3\Lib\site-packages\starlette\_exception_handler.py:53: in wrapped_app
    raise exc
C:\Users\admin\miniconda3\Lib\site-packages\starlette\_exception_handler.py:42: in wrapped_app
    await app(scope, receive, sender)
C:\Users\admin\miniconda3\Lib\site-packages\starlette\routing.py:716: in __call__
    await self.middleware_stack(scope, receive, send)
C:\Users\admin\miniconda3\Lib\site-packages\starlette\routing.py:736: in app
    await route.handle(scope, receive, send)
C:\Users\admin\miniconda3\Lib\site-packages\starlette\routing.py:290: in handle
    await self.app(scope, receive, send)
C:\Users\admin\miniconda3\Lib\site-packages\starlette\routing.py:78: in app
    await wrap_app_handling_exceptions(app, request)(scope, receive, send)
C:\Users\admin\miniconda3\Lib\site-packages\starlette\_exception_handler.py:53: in wrapped_app
    raise exc
C:\Users\admin\miniconda3\Lib\site-packages\starlette\_exception_handler.py:42: in wrapped_app
    await app(scope, receive, sender)
C:\Users\admin\miniconda3\Lib\site-packages\starlette\routing.py:75: in app
    response = await f(request)
               ^^^^^^^^^^^^^^^^
C:\Users\admin\miniconda3\Lib\site-packages\fastapi\routing.py:308: in app
    raw_response = await run_endpoint_function(
C:\Users\admin\miniconda3\Lib\site-packages\fastapi\routing.py:219: in run_endpoint_function
    return await dependant.call(**values)
           ^^^^^^^^^^^^^^^^^^^^^^^^^^^^^^
api\v1\chat.py:461: in confirm_invite
    cur.execute(
E   sqlite3.OperationalError: no such table: pending_invites
________________ TestDeclineInvite.test_decline_invalid_token _________________
tests\integration\test_api_chat.py:106: in test_decline_invalid_token
    response = test_client.get("/chat/decline/nonexistent-token")
               ^^^^^^^^^^^^^^^^^^^^^^^^^^^^^^^^^^^^^^^^^^^^^^^^^^
C:\Users\admin\miniconda3\Lib\site-packages\starlette\testclient.py:479: in get
    return super().get(
C:\Users\admin\miniconda3\Lib\site-packages\httpx\_client.py:1053: in get
    return self.request(
C:\Users\admin\miniconda3\Lib\site-packages\starlette\testclient.py:451: in request
    return super().request(
C:\Users\admin\miniconda3\Lib\site-packages\httpx\_client.py:825: in request
    return self.send(request, auth=auth, follow_redirects=follow_redirects)
           ^^^^^^^^^^^^^^^^^^^^^^^^^^^^^^^^^^^^^^^^^^^^^^^^^^^^^^^^^^^^^^^^
C:\Users\admin\miniconda3\Lib\site-packages\httpx\_client.py:914: in send
    response = self._send_handling_auth(
C:\Users\admin\miniconda3\Lib\site-packages\httpx\_client.py:942: in _send_handling_auth
    response = self._send_handling_redirects(
C:\Users\admin\miniconda3\Lib\site-packages\httpx\_client.py:979: in _send_handling_redirects
    response = self._send_single_request(request)
               ^^^^^^^^^^^^^^^^^^^^^^^^^^^^^^^^^^
C:\Users\admin\miniconda3\Lib\site-packages\httpx\_client.py:1014: in _send_single_request
    response = transport.handle_request(request)
               ^^^^^^^^^^^^^^^^^^^^^^^^^^^^^^^^^
C:\Users\admin\miniconda3\Lib\site-packages\starlette\testclient.py:354: in handle_request
    raise exc
C:\Users\admin\miniconda3\Lib\site-packages\starlette\testclient.py:351: in handle_request
    portal.call(self.app, scope, receive, send)
C:\Users\admin\miniconda3\Lib\site-packages\anyio\from_thread.py:326: in call
    return cast(T_Retval, self.start_task_soon(func, *args).result())
                          ^^^^^^^^^^^^^^^^^^^^^^^^^^^^^^^^^^^^^^^^^^
C:\Users\admin\miniconda3\Lib\concurrent\futures\_base.py:456: in result
    return self.__get_result()
           ^^^^^^^^^^^^^^^^^^^
C:\Users\admin\miniconda3\Lib\concurrent\futures\_base.py:401: in __get_result
    raise self._exception
C:\Users\admin\miniconda3\Lib\site-packages\anyio\from_thread.py:257: in _call_func
    retval = await retval_or_awaitable
             ^^^^^^^^^^^^^^^^^^^^^^^^^
C:\Users\admin\miniconda3\Lib\site-packages\fastapi\applications.py:1082: in __call__
    await super().__call__(scope, receive, send)
C:\Users\admin\miniconda3\Lib\site-packages\starlette\applications.py:113: in __call__
    await self.middleware_stack(scope, receive, send)
C:\Users\admin\miniconda3\Lib\site-packages\starlette\middleware\errors.py:186: in __call__
    raise exc
C:\Users\admin\miniconda3\Lib\site-packages\starlette\middleware\errors.py:164: in __call__
    await self.app(scope, receive, _send)
C:\Users\admin\miniconda3\Lib\site-packages\starlette\middleware\cors.py:85: in __call__
    await self.app(scope, receive, send)
C:\Users\admin\miniconda3\Lib\site-packages\starlette\middleware\exceptions.py:63: in __call__
    await wrap_app_handling_exceptions(self.app, conn)(scope, receive, send)
C:\Users\admin\miniconda3\Lib\site-packages\starlette\_exception_handler.py:53: in wrapped_app
    raise exc
C:\Users\admin\miniconda3\Lib\site-packages\starlette\_exception_handler.py:42: in wrapped_app
    await app(scope, receive, sender)
C:\Users\admin\miniconda3\Lib\site-packages\starlette\routing.py:716: in __call__
    await self.middleware_stack(scope, receive, send)
C:\Users\admin\miniconda3\Lib\site-packages\starlette\routing.py:736: in app
    await route.handle(scope, receive, send)
C:\Users\admin\miniconda3\Lib\site-packages\starlette\routing.py:290: in handle
    await self.app(scope, receive, send)
C:\Users\admin\miniconda3\Lib\site-packages\starlette\routing.py:78: in app
    await wrap_app_handling_exceptions(app, request)(scope, receive, send)
C:\Users\admin\miniconda3\Lib\site-packages\starlette\_exception_handler.py:53: in wrapped_app
    raise exc
C:\Users\admin\miniconda3\Lib\site-packages\starlette\_exception_handler.py:42: in wrapped_app
    await app(scope, receive, sender)
C:\Users\admin\miniconda3\Lib\site-packages\starlette\routing.py:75: in app
    response = await f(request)
               ^^^^^^^^^^^^^^^^
C:\Users\admin\miniconda3\Lib\site-packages\fastapi\routing.py:308: in app
    raw_response = await run_endpoint_function(
C:\Users\admin\miniconda3\Lib\site-packages\fastapi\routing.py:219: in run_endpoint_function
    return await dependant.call(**values)
           ^^^^^^^^^^^^^^^^^^^^^^^^^^^^^^
api\v1\chat.py:500: in decline_invite
    cur.execute("SELECT action FROM pending_invites WHERE token=?", (token,))
E   sqlite3.OperationalError: no such table: pending_invites
_____________ TestConfirmCancel.test_confirm_cancel_invalid_token _____________
tests\integration\test_api_chat.py:117: in test_confirm_cancel_invalid_token
    response = test_client.get("/chat/cancel/confirm/nonexistent-token")
               ^^^^^^^^^^^^^^^^^^^^^^^^^^^^^^^^^^^^^^^^^^^^^^^^^^^^^^^^^
C:\Users\admin\miniconda3\Lib\site-packages\starlette\testclient.py:479: in get
    return super().get(
C:\Users\admin\miniconda3\Lib\site-packages\httpx\_client.py:1053: in get
    return self.request(
C:\Users\admin\miniconda3\Lib\site-packages\starlette\testclient.py:451: in request
    return super().request(
C:\Users\admin\miniconda3\Lib\site-packages\httpx\_client.py:825: in request
    return self.send(request, auth=auth, follow_redirects=follow_redirects)
           ^^^^^^^^^^^^^^^^^^^^^^^^^^^^^^^^^^^^^^^^^^^^^^^^^^^^^^^^^^^^^^^^
C:\Users\admin\miniconda3\Lib\site-packages\httpx\_client.py:914: in send
    response = self._send_handling_auth(
C:\Users\admin\miniconda3\Lib\site-packages\httpx\_client.py:942: in _send_handling_auth
    response = self._send_handling_redirects(
C:\Users\admin\miniconda3\Lib\site-packages\httpx\_client.py:979: in _send_handling_redirects
    response = self._send_single_request(request)
               ^^^^^^^^^^^^^^^^^^^^^^^^^^^^^^^^^^
C:\Users\admin\miniconda3\Lib\site-packages\httpx\_client.py:1014: in _send_single_request
    response = transport.handle_request(request)
               ^^^^^^^^^^^^^^^^^^^^^^^^^^^^^^^^^
C:\Users\admin\miniconda3\Lib\site-packages\starlette\testclient.py:354: in handle_request
    raise exc
C:\Users\admin\miniconda3\Lib\site-packages\starlette\testclient.py:351: in handle_request
    portal.call(self.app, scope, receive, send)
C:\Users\admin\miniconda3\Lib\site-packages\anyio\from_thread.py:326: in call
    return cast(T_Retval, self.start_task_soon(func, *args).result())
                          ^^^^^^^^^^^^^^^^^^^^^^^^^^^^^^^^^^^^^^^^^^
C:\Users\admin\miniconda3\Lib\concurrent\futures\_base.py:456: in result
    return self.__get_result()
           ^^^^^^^^^^^^^^^^^^^
C:\Users\admin\miniconda3\Lib\concurrent\futures\_base.py:401: in __get_result
    raise self._exception
C:\Users\admin\miniconda3\Lib\site-packages\anyio\from_thread.py:257: in _call_func
    retval = await retval_or_awaitable
             ^^^^^^^^^^^^^^^^^^^^^^^^^
C:\Users\admin\miniconda3\Lib\site-packages\fastapi\applications.py:1082: in __call__
    await super().__call__(scope, receive, send)
C:\Users\admin\miniconda3\Lib\site-packages\starlette\applications.py:113: in __call__
    await self.middleware_stack(scope, receive, send)
C:\Users\admin\miniconda3\Lib\site-packages\starlette\middleware\errors.py:186: in __call__
    raise exc
C:\Users\admin\miniconda3\Lib\site-packages\starlette\middleware\errors.py:164: in __call__
    await self.app(scope, receive, _send)
C:\Users\admin\miniconda3\Lib\site-packages\starlette\middleware\cors.py:85: in __call__
    await self.app(scope, receive, send)
C:\Users\admin\miniconda3\Lib\site-packages\starlette\middleware\exceptions.py:63: in __call__
    await wrap_app_handling_exceptions(self.app, conn)(scope, receive, send)
C:\Users\admin\miniconda3\Lib\site-packages\starlette\_exception_handler.py:53: in wrapped_app
    raise exc
C:\Users\admin\miniconda3\Lib\site-packages\starlette\_exception_handler.py:42: in wrapped_app
    await app(scope, receive, sender)
C:\Users\admin\miniconda3\Lib\site-packages\starlette\routing.py:716: in __call__
    await self.middleware_stack(scope, receive, send)
C:\Users\admin\miniconda3\Lib\site-packages\starlette\routing.py:736: in app
    await route.handle(scope, receive, send)
C:\Users\admin\miniconda3\Lib\site-packages\starlette\routing.py:290: in handle
    await self.app(scope, receive, send)
C:\Users\admin\miniconda3\Lib\site-packages\starlette\routing.py:78: in app
    await wrap_app_handling_exceptions(app, request)(scope, receive, send)
C:\Users\admin\miniconda3\Lib\site-packages\starlette\_exception_handler.py:53: in wrapped_app
    raise exc
C:\Users\admin\miniconda3\Lib\site-packages\starlette\_exception_handler.py:42: in wrapped_app
    await app(scope, receive, sender)
C:\Users\admin\miniconda3\Lib\site-packages\starlette\routing.py:75: in app
    response = await f(request)
               ^^^^^^^^^^^^^^^^
C:\Users\admin\miniconda3\Lib\site-packages\fastapi\routing.py:308: in app
    raw_response = await run_endpoint_function(
C:\Users\admin\miniconda3\Lib\site-packages\fastapi\routing.py:219: in run_endpoint_function
    return await dependant.call(**values)
           ^^^^^^^^^^^^^^^^^^^^^^^^^^^^^^
api\v1\chat.py:644: in confirm_cancel
    cur.execute(
E   sqlite3.OperationalError: no such table: pending_cancels
_________ TestConfirmReschedule.test_confirm_reschedule_invalid_token _________
tests\integration\test_api_chat.py:128: in test_confirm_reschedule_invalid_token
    response = test_client.get(
C:\Users\admin\miniconda3\Lib\site-packages\starlette\testclient.py:479: in get
    return super().get(
C:\Users\admin\miniconda3\Lib\site-packages\httpx\_client.py:1053: in get
    return self.request(
C:\Users\admin\miniconda3\Lib\site-packages\starlette\testclient.py:451: in request
    return super().request(
C:\Users\admin\miniconda3\Lib\site-packages\httpx\_client.py:825: in request
    return self.send(request, auth=auth, follow_redirects=follow_redirects)
           ^^^^^^^^^^^^^^^^^^^^^^^^^^^^^^^^^^^^^^^^^^^^^^^^^^^^^^^^^^^^^^^^
C:\Users\admin\miniconda3\Lib\site-packages\httpx\_client.py:914: in send
    response = self._send_handling_auth(
C:\Users\admin\miniconda3\Lib\site-packages\httpx\_client.py:942: in _send_handling_auth
    response = self._send_handling_redirects(
C:\Users\admin\miniconda3\Lib\site-packages\httpx\_client.py:979: in _send_handling_redirects
    response = self._send_single_request(request)
               ^^^^^^^^^^^^^^^^^^^^^^^^^^^^^^^^^^
C:\Users\admin\miniconda3\Lib\site-packages\httpx\_client.py:1014: in _send_single_request
    response = transport.handle_request(request)
               ^^^^^^^^^^^^^^^^^^^^^^^^^^^^^^^^^
C:\Users\admin\miniconda3\Lib\site-packages\starlette\testclient.py:354: in handle_request
    raise exc
C:\Users\admin\miniconda3\Lib\site-packages\starlette\testclient.py:351: in handle_request
    portal.call(self.app, scope, receive, send)
C:\Users\admin\miniconda3\Lib\site-packages\anyio\from_thread.py:326: in call
    return cast(T_Retval, self.start_task_soon(func, *args).result())
                          ^^^^^^^^^^^^^^^^^^^^^^^^^^^^^^^^^^^^^^^^^^
C:\Users\admin\miniconda3\Lib\concurrent\futures\_base.py:456: in result
    return self.__get_result()
           ^^^^^^^^^^^^^^^^^^^
C:\Users\admin\miniconda3\Lib\concurrent\futures\_base.py:401: in __get_result
    raise self._exception
C:\Users\admin\miniconda3\Lib\site-packages\anyio\from_thread.py:257: in _call_func
    retval = await retval_or_awaitable
             ^^^^^^^^^^^^^^^^^^^^^^^^^
C:\Users\admin\miniconda3\Lib\site-packages\fastapi\applications.py:1082: in __call__
    await super().__call__(scope, receive, send)
C:\Users\admin\miniconda3\Lib\site-packages\starlette\applications.py:113: in __call__
    await self.middleware_stack(scope, receive, send)
C:\Users\admin\miniconda3\Lib\site-packages\starlette\middleware\errors.py:186: in __call__
    raise exc
C:\Users\admin\miniconda3\Lib\site-packages\starlette\middleware\errors.py:164: in __call__
    await self.app(scope, receive, _send)
C:\Users\admin\miniconda3\Lib\site-packages\starlette\middleware\cors.py:85: in __call__
    await self.app(scope, receive, send)
C:\Users\admin\miniconda3\Lib\site-packages\starlette\middleware\exceptions.py:63: in __call__
    await wrap_app_handling_exceptions(self.app, conn)(scope, receive, send)
C:\Users\admin\miniconda3\Lib\site-packages\starlette\_exception_handler.py:53: in wrapped_app
    raise exc
C:\Users\admin\miniconda3\Lib\site-packages\starlette\_exception_handler.py:42: in wrapped_app
    await app(scope, receive, sender)
C:\Users\admin\miniconda3\Lib\site-packages\starlette\routing.py:716: in __call__
    await self.middleware_stack(scope, receive, send)
C:\Users\admin\miniconda3\Lib\site-packages\starlette\routing.py:736: in app
    await route.handle(scope, receive, send)
C:\Users\admin\miniconda3\Lib\site-packages\starlette\routing.py:290: in handle
    await self.app(scope, receive, send)
C:\Users\admin\miniconda3\Lib\site-packages\starlette\routing.py:78: in app
    await wrap_app_handling_exceptions(app, request)(scope, receive, send)
C:\Users\admin\miniconda3\Lib\site-packages\starlette\_exception_handler.py:53: in wrapped_app
    raise exc
C:\Users\admin\miniconda3\Lib\site-packages\starlette\_exception_handler.py:42: in wrapped_app
    await app(scope, receive, sender)
C:\Users\admin\miniconda3\Lib\site-packages\starlette\routing.py:75: in app
    response = await f(request)
               ^^^^^^^^^^^^^^^^
C:\Users\admin\miniconda3\Lib\site-packages\fastapi\routing.py:308: in app
    raw_response = await run_endpoint_function(
C:\Users\admin\miniconda3\Lib\site-packages\fastapi\routing.py:219: in run_endpoint_function
    return await dependant.call(**values)
           ^^^^^^^^^^^^^^^^^^^^^^^^^^^^^^
api\v1\chat.py:524: in confirm_reschedule
    cur.execute(
E   sqlite3.OperationalError: no such table: pending_reschedules
_________ TestDeclineReschedule.test_decline_reschedule_invalid_token _________
tests\integration\test_api_chat.py:140: in test_decline_reschedule_invalid_token
    response = test_client.get(
C:\Users\admin\miniconda3\Lib\site-packages\starlette\testclient.py:479: in get
    return super().get(
C:\Users\admin\miniconda3\Lib\site-packages\httpx\_client.py:1053: in get
    return self.request(
C:\Users\admin\miniconda3\Lib\site-packages\starlette\testclient.py:451: in request
    return super().request(
C:\Users\admin\miniconda3\Lib\site-packages\httpx\_client.py:825: in request
    return self.send(request, auth=auth, follow_redirects=follow_redirects)
           ^^^^^^^^^^^^^^^^^^^^^^^^^^^^^^^^^^^^^^^^^^^^^^^^^^^^^^^^^^^^^^^^
C:\Users\admin\miniconda3\Lib\site-packages\httpx\_client.py:914: in send
    response = self._send_handling_auth(
C:\Users\admin\miniconda3\Lib\site-packages\httpx\_client.py:942: in _send_handling_auth
    response = self._send_handling_redirects(
C:\Users\admin\miniconda3\Lib\site-packages\httpx\_client.py:979: in _send_handling_redirects
    response = self._send_single_request(request)
               ^^^^^^^^^^^^^^^^^^^^^^^^^^^^^^^^^^
C:\Users\admin\miniconda3\Lib\site-packages\httpx\_client.py:1014: in _send_single_request
    response = transport.handle_request(request)
               ^^^^^^^^^^^^^^^^^^^^^^^^^^^^^^^^^
C:\Users\admin\miniconda3\Lib\site-packages\starlette\testclient.py:354: in handle_request
    raise exc
C:\Users\admin\miniconda3\Lib\site-packages\starlette\testclient.py:351: in handle_request
    portal.call(self.app, scope, receive, send)
C:\Users\admin\miniconda3\Lib\site-packages\anyio\from_thread.py:326: in call
    return cast(T_Retval, self.start_task_soon(func, *args).result())
                          ^^^^^^^^^^^^^^^^^^^^^^^^^^^^^^^^^^^^^^^^^^
C:\Users\admin\miniconda3\Lib\concurrent\futures\_base.py:456: in result
    return self.__get_result()
           ^^^^^^^^^^^^^^^^^^^
C:\Users\admin\miniconda3\Lib\concurrent\futures\_base.py:401: in __get_result
    raise self._exception
C:\Users\admin\miniconda3\Lib\site-packages\anyio\from_thread.py:257: in _call_func
    retval = await retval_or_awaitable
             ^^^^^^^^^^^^^^^^^^^^^^^^^
C:\Users\admin\miniconda3\Lib\site-packages\fastapi\applications.py:1082: in __call__
    await super().__call__(scope, receive, send)
C:\Users\admin\miniconda3\Lib\site-packages\starlette\applications.py:113: in __call__
    await self.middleware_stack(scope, receive, send)
C:\Users\admin\miniconda3\Lib\site-packages\starlette\middleware\errors.py:186: in __call__
    raise exc
C:\Users\admin\miniconda3\Lib\site-packages\starlette\middleware\errors.py:164: in __call__
    await self.app(scope, receive, _send)
C:\Users\admin\miniconda3\Lib\site-packages\starlette\middleware\cors.py:85: in __call__
    await self.app(scope, receive, send)
C:\Users\admin\miniconda3\Lib\site-packages\starlette\middleware\exceptions.py:63: in __call__
    await wrap_app_handling_exceptions(self.app, conn)(scope, receive, send)
C:\Users\admin\miniconda3\Lib\site-packages\starlette\_exception_handler.py:53: in wrapped_app
    raise exc
C:\Users\admin\miniconda3\Lib\site-packages\starlette\_exception_handler.py:42: in wrapped_app
    await app(scope, receive, sender)
C:\Users\admin\miniconda3\Lib\site-packages\starlette\routing.py:716: in __call__
    await self.middleware_stack(scope, receive, send)
C:\Users\admin\miniconda3\Lib\site-packages\starlette\routing.py:736: in app
    await route.handle(scope, receive, send)
C:\Users\admin\miniconda3\Lib\site-packages\starlette\routing.py:290: in handle
    await self.app(scope, receive, send)
C:\Users\admin\miniconda3\Lib\site-packages\starlette\routing.py:78: in app
    await wrap_app_handling_exceptions(app, request)(scope, receive, send)
C:\Users\admin\miniconda3\Lib\site-packages\starlette\_exception_handler.py:53: in wrapped_app
    raise exc
C:\Users\admin\miniconda3\Lib\site-packages\starlette\_exception_handler.py:42: in wrapped_app
    await app(scope, receive, sender)
C:\Users\admin\miniconda3\Lib\site-packages\starlette\routing.py:75: in app
    response = await f(request)
               ^^^^^^^^^^^^^^^^
C:\Users\admin\miniconda3\Lib\site-packages\fastapi\routing.py:308: in app
    raw_response = await run_endpoint_function(
C:\Users\admin\miniconda3\Lib\site-packages\fastapi\routing.py:219: in run_endpoint_function
    return await dependant.call(**values)
           ^^^^^^^^^^^^^^^^^^^^^^^^^^^^^^
api\v1\chat.py:598: in decline_reschedule
    cur.execute("SELECT action FROM pending_reschedules WHERE token=?", (token,))
E   sqlite3.OperationalError: no such table: pending_reschedules
___________ TestWebhookEndpoint.test_webhook_invalid_timestamp_422 ____________
tests\integration\test_api_webhook.py:126: in test_webhook_invalid_timestamp_422
    assert response.status_code == 422
E   assert 200 == 422
E    +  where 200 = <Response [200 OK]>.status_code
------------------------------ Captured log call ------------------------------
ERROR    root:logger.py:34 [Logger] Kh\xf4ng ghi \u0111\u01b0\u1ee3c log: no such table: system_logs
______________ TestPollGmail.test_poll_gmail_processes_messages _______________
tests\integration\test_gmail_poller.py:66: in test_poll_gmail_processes_messages
    with patch("app.core.gmail_poller._get_gmail_service", return_value=mock_gmail_service):
         ^^^^^^^^^^^^^^^^^^^^^^^^^^^^^^^^^^^^^^^^^^^^^^^^^^^^^^^^^^^^^^^^^^^^^^^^^^^^^^^^^^
C:\Users\admin\miniconda3\Lib\unittest\mock.py:1497: in __enter__
    original, local = self.get_original()
                      ^^^^^^^^^^^^^^^^^^^
C:\Users\admin\miniconda3\Lib\unittest\mock.py:1467: in get_original
    raise AttributeError(
E   AttributeError: <module 'app.core.gmail_poller' from 'C:\\Users\\admin\\Documents\\ĐATN\\datn_source\\email_scheduler_ai\\app\\core\\gmail_poller.py'> does not have the attribute '_get_gmail_service'
__________________ TestPollGmail.test_poll_gmail_skips_spam ___________________
tests\integration\test_gmail_poller.py:84: in test_poll_gmail_skips_spam
    with patch("app.core.gmail_poller._get_gmail_service", return_value=mock_gmail_service):
         ^^^^^^^^^^^^^^^^^^^^^^^^^^^^^^^^^^^^^^^^^^^^^^^^^^^^^^^^^^^^^^^^^^^^^^^^^^^^^^^^^^
C:\Users\admin\miniconda3\Lib\unittest\mock.py:1497: in __enter__
    original, local = self.get_original()
                      ^^^^^^^^^^^^^^^^^^^
C:\Users\admin\miniconda3\Lib\unittest\mock.py:1467: in get_original
    raise AttributeError(
E   AttributeError: <module 'app.core.gmail_poller' from 'C:\\Users\\admin\\Documents\\ĐATN\\datn_source\\email_scheduler_ai\\app\\core\\gmail_poller.py'> does not have the attribute '_get_gmail_service'
__________________ TestPollGmail.test_poll_gmail_no_messages __________________
tests\integration\test_gmail_poller.py:100: in test_poll_gmail_no_messages
    with patch("app.core.gmail_poller._get_gmail_service", return_value=mock_gmail_service):
         ^^^^^^^^^^^^^^^^^^^^^^^^^^^^^^^^^^^^^^^^^^^^^^^^^^^^^^^^^^^^^^^^^^^^^^^^^^^^^^^^^^
C:\Users\admin\miniconda3\Lib\unittest\mock.py:1497: in __enter__
    original, local = self.get_original()
                      ^^^^^^^^^^^^^^^^^^^
C:\Users\admin\miniconda3\Lib\unittest\mock.py:1467: in get_original
    raise AttributeError(
E   AttributeError: <module 'app.core.gmail_poller' from 'C:\\Users\\admin\\Documents\\ĐATN\\datn_source\\email_scheduler_ai\\app\\core\\gmail_poller.py'> does not have the attribute '_get_gmail_service'
_________________ TestPollGmail.test_poll_gmail_auth_failure __________________
tests\integration\test_gmail_poller.py:111: in test_poll_gmail_auth_failure
    with patch("app.core.gmail_poller._get_gmail_service", side_effect=Exception("Auth failed")):
         ^^^^^^^^^^^^^^^^^^^^^^^^^^^^^^^^^^^^^^^^^^^^^^^^^^^^^^^^^^^^^^^^^^^^^^^^^^^^^^^^^^^^^^^
C:\Users\admin\miniconda3\Lib\unittest\mock.py:1497: in __enter__
    original, local = self.get_original()
                      ^^^^^^^^^^^^^^^^^^^
C:\Users\admin\miniconda3\Lib\unittest\mock.py:1467: in get_original
    raise AttributeError(
E   AttributeError: <module 'app.core.gmail_poller' from 'C:\\Users\\admin\\Documents\\ĐATN\\datn_source\\email_scheduler_ai\\app\\core\\gmail_poller.py'> does not have the attribute '_get_gmail_service'
___________ TestFullPipelineWithEvaluation.test_pipeline_with_retry ___________
tests\e2e\test_full_pipeline.py:282: in test_pipeline_with_retry
    assert result["data"]["calendar"]["status"] == "created"
E   AssertionError: assert 'error' == 'created'
E     
E     - created
E     + error
------------------------------ Captured log call ------------------------------
ERROR    root:logger.py:34 [Logger] Kh\xf4ng ghi \u0111\u01b0\u1ee3c log: no such table: system_logs\nERROR    app.agents.calendar_agent:calendar_agent.py:119 [CalendarAgent] L\u1ed7i kh\xf4ng x\xe1c \u0111\u1ecbnh\nTraceback (most recent call last):\n  File "C:\\Users\\admin\\Documents\\\u0110ATN\\datn_source\\email_scheduler_ai\\app\\agents\\calendar_agent.py", line 100, in process_schedule\n    event = _create_event(service, summary, start_dt, end_dt, location, attendees,\n                          email_result.get("raw_time_text", ""))\n  File "C:\\Users\\admin\\Documents\\\u0110ATN\\datn_source\\email_scheduler_ai\\app\\agents\\calendar_agent.py", line 49, in _create_event\n    ).execute()\n      ~~~~~~~^^\n  File "C:\\Users\\admin\\miniconda3\\Lib\\unittest\\mock.py", line 1169, in __call__\n    return self._mock_call(*args, **kwargs)\n           ~~~~~~~~~~~~~~~^^^^^^^^^^^^^^^^^\n  File "C:\\Users\\admin\\miniconda3\\Lib\\unittest\\mock.py", line 1173, in _mock_call\n    return self._execute_mock_call(*args, **kwargs)\n           ~~~~~~~~~~~~~~~~~~~~~~~^^^^^^^^^^^^^^^^^\n  File "C:\\Users\\admin\\miniconda3\\Lib\\unittest\\mock.py", line 1234, in _execute_mock_call\n    result = effect(*args, **kwargs)\n  File "C:\\Users\\admin\\Documents\\\u0110ATN\\datn_source\\email_scheduler_ai\\app\\tests\\e2e\\test_full_pipeline.py", line 255, in mock_execute\n    raise Exception("Temporary API error")\nException: Temporary API error\nERROR    root:logger.py:34 [Logger] Kh\xf4ng ghi \u0111\u01b0\u1ee3c log: no such table: system_logs\nERROR    root:logger.py:34 [Logger] Kh\xf4ng ghi \u0111\u01b0\u1ee3c log: no such table: system_logs\nWARNING  app.agents.chat_agent:chat_agent.py:147 [ChatAgent] evaluate_email failed: Error code: 401 - {'error': {'message': 'Incorrect API key provided: sk-test-****************ting. You can find your API key at https://platform.openai.com/account/api-keys.', 'type': 'invalid_request_error', 'code': 'invalid_api_key', 'param': None}, 'status': 401}\nERROR    root:logger.py:34 [Logger] Kh\xf4ng ghi \u0111\u01b0\u1ee3c log: no such table: system_logs
=========================== short test summary info ===========================
FAILED tests\integration\test_api_chat.py::TestConfirmInvite::test_confirm_invalid_token - sqlite3.OperationalError: no such table: pending_invites
FAILED tests\integration\test_api_chat.py::TestDeclineInvite::test_decline_invalid_token - sqlite3.OperationalError: no such table: pending_invites
FAILED tests\integration\test_api_chat.py::TestConfirmCancel::test_confirm_cancel_invalid_token - sqlite3.OperationalError: no such table: pending_cancels
FAILED tests\integration\test_api_chat.py::TestConfirmReschedule::test_confirm_reschedule_invalid_token - sqlite3.OperationalError: no such table: pending_reschedules
FAILED tests\integration\test_api_chat.py::TestDeclineReschedule::test_decline_reschedule_invalid_token - sqlite3.OperationalError: no such table: pending_reschedules
FAILED tests\integration\test_api_webhook.py::TestWebhookEndpoint::test_webhook_invalid_timestamp_422 - assert 200 == 422
 +  where 200 = <Response [200 OK]>.status_code
FAILED tests\integration\test_gmail_poller.py::TestPollGmail::test_poll_gmail_processes_messages - AttributeError: <module 'app.core.gmail_poller' from 'C:\\Users\\admin\\Documents\\ĐATN\\datn_source\\email_scheduler_ai\\app\\core\\gmail_poller.py'> does not have the attribute '_get_gmail_service'
FAILED tests\integration\test_gmail_poller.py::TestPollGmail::test_poll_gmail_skips_spam - AttributeError: <module 'app.core.gmail_poller' from 'C:\\Users\\admin\\Documents\\ĐATN\\datn_source\\email_scheduler_ai\\app\\core\\gmail_poller.py'> does not have the attribute '_get_gmail_service'
FAILED tests\integration\test_gmail_poller.py::TestPollGmail::test_poll_gmail_no_messages - AttributeError: <module 'app.core.gmail_poller' from 'C:\\Users\\admin\\Documents\\ĐATN\\datn_source\\email_scheduler_ai\\app\\core\\gmail_poller.py'> does not have the attribute '_get_gmail_service'
FAILED tests\integration\test_gmail_poller.py::TestPollGmail::test_poll_gmail_auth_failure - AttributeError: <module 'app.core.gmail_poller' from 'C:\\Users\\admin\\Documents\\ĐATN\\datn_source\\email_scheduler_ai\\app\\core\\gmail_poller.py'> does not have the attribute '_get_gmail_service'
FAILED tests\e2e\test_full_pipeline.py::TestFullPipelineWithEvaluation::test_pipeline_with_retry - AssertionError: assert 'error' == 'created'
  
  - created
  + error
======================== 11 failed, 30 passed in 7.15s ========================
