============================= test session starts =============================
collecting ... collected 139 items

tests\unit\test_calendar_agent.py::TestCheckConflict::test_no_conflict PASSED [  0%]
tests\unit\test_calendar_agent.py::TestCheckConflict::test_with_conflict PASSED [  1%]
tests\unit\test_calendar_agent.py::TestCreateEvent::test_creates_event_successfully PASSED [  2%]
tests\unit\test_calendar_agent.py::TestFindEventsByTime::test_finds_events PASSED [  2%]
tests\unit\test_calendar_agent.py::TestProcessSchedule::test_schedule_success PASSED [  3%]
tests\unit\test_calendar_agent.py::TestProcessSchedule::test_schedule_no_time PASSED [  4%]
tests\unit\test_calendar_agent.py::TestProcessSchedule::test_schedule_invalid_time PASSED [  5%]
tests\unit\test_calendar_agent.py::TestProcessSchedule::test_schedule_conflict PASSED [  5%]
tests\unit\test_calendar_agent.py::TestProcessSchedule::test_schedule_http_error PASSED [  6%]
tests\unit\test_calendar_agent.py::TestProcessCancel::test_cancel_success PASSED [  7%]
tests\unit\test_calendar_agent.py::TestProcessCancel::test_cancel_no_time PASSED [  7%]
tests\unit\test_calendar_agent.py::TestProcessCancel::test_cancel_not_found PASSED [  8%]
tests\unit\test_calendar_agent.py::TestProcessReschedule::test_reschedule_success PASSED [  9%]
tests\unit\test_calendar_agent.py::TestProcessReschedule::test_reschedule_no_new_time PASSED [ 10%]
tests\unit\test_calendar_agent.py::TestProcessReschedule::test_reschedule_no_old_time PASSED [ 10%]
tests\unit\test_calendar_agent.py::TestProcessReschedule::test_reschedule_not_found PASSED [ 11%]
tests\unit\test_calendar_agent.py::TestProcessReschedule::test_reschedule_conflict PASSED [ 12%]
tests\unit\test_chat_agent.py::TestFormatEvents::test_empty_events PASSED [ 12%]
tests\unit\test_chat_agent.py::TestFormatEvents::test_single_event PASSED [ 13%]
tests\unit\test_chat_agent.py::TestFormatEvents::test_multiple_events PASSED [ 14%]
tests\unit\test_chat_agent.py::TestFormatEvents::test_event_without_location PASSED [ 15%]
tests\unit\test_chat_agent.py::TestFormatEvents::test_invalid_date_format PASSED [ 15%]
tests\unit\test_chat_agent.py::TestFetchUpcomingEvents::test_returns_events PASSED [ 16%]
tests\unit\test_chat_agent.py::TestFetchUpcomingEvents::test_empty_response PASSED [ 17%]
tests\unit\test_chat_agent.py::TestFetchUpcomingEvents::test_api_error_returns_empty PASSED [ 17%]
tests\unit\test_chat_agent.py::TestChat::test_chat_returns_reply_and_action PASSED [ 18%]
tests\unit\test_chat_agent.py::TestChat::test_chat_extracts_action PASSED [ 19%]
tests\unit\test_chat_agent.py::TestChat::test_chat_handles_query_calendar PASSED [ 20%]
tests\unit\test_chat_agent.py::TestChat::test_chat_no_action PASSED      [ 20%]
tests\unit\test_chat_agent.py::TestChat::test_chat_error_returns_fallback PASSED [ 21%]
tests\unit\test_conflict_agent.py::TestIsSlotFree::test_slot_is_free PASSED [ 22%]
tests\unit\test_conflict_agent.py::TestIsSlotFree::test_slot_is_busy PASSED [ 23%]
tests\unit\test_conflict_agent.py::TestCandidateSlots::test_generates_slots_within_working_hours PASSED [ 23%]
tests\unit\test_conflict_agent.py::TestCandidateSlots::test_slots_have_correct_duration PASSED [ 24%]
tests\unit\test_conflict_agent.py::TestCandidateSlots::test_slots_are_30_minutes_apart PASSED [ 25%]
tests\unit\test_conflict_agent.py::TestCandidateSlots::test_skips_outside_working_hours PASSED [ 25%]
tests\unit\test_conflict_agent.py::TestCandidateSlots::test_rounds_up_to_next_30_min PASSED [ 26%]
tests\unit\test_conflict_agent.py::TestFindAlternatives::test_finds_alternatives PASSED [ 27%]
tests\unit\test_conflict_agent.py::TestFindAlternatives::test_limited_to_max_suggestions PASSED [ 28%]
tests\unit\test_conflict_agent.py::TestFindAlternatives::test_invalid_time_format PASSED [ 28%]
tests\unit\test_conflict_agent.py::TestFindAlternatives::test_not_found_when_all_busy PASSED [ 29%]
tests\unit\test_conflict_agent.py::TestFindAlternatives::test_error_handling PASSED [ 30%]
tests\unit\test_email_agent.py::TestExtractJson::test_extract_simple_json PASSED [ 30%]
tests\unit\test_email_agent.py::TestExtractJson::test_extract_json_with_surrounding_text PASSED [ 31%]
tests\unit\test_email_agent.py::TestExtractJson::test_extract_json_with_markdown_code_block PASSED [ 32%]
tests\unit\test_email_agent.py::TestExtractJson::test_extract_json_no_json_raises PASSED [ 33%]
tests\unit\test_email_agent.py::TestExtractJson::test_extract_json_invalid_json_raises PASSED [ 33%]
tests\unit\test_email_agent.py::TestFallback::test_fallback_structure PASSED [ 34%]
tests\unit\test_email_agent.py::TestProcessEmail::test_process_email_returns_correct_structure PASSED [ 35%]
tests\unit\test_email_agent.py::TestProcessEmail::test_process_email_schedule_intent PASSED [ 35%]
tests\unit\test_email_agent.py::TestProcessEmail::test_process_email_calls_openai PASSED [ 36%]
tests\unit\test_email_agent.py::TestProcessEmail::test_process_email_with_minimal_email PASSED [ 37%]
tests\unit\test_email_agent.py::TestProcessEmail::test_process_email_openai_error_returns_fallback PASSED [ 38%]
tests\unit\test_email_agent.py::TestProcessEmail::test_process_email_defaults_for_missing_keys PASSED [ 38%]
tests\unit\test_evaluation_agent.py::TestEvaluateAndRetry::test_evaluate_and_retry_success_first_try PASSED [ 39%]
tests\unit\test_evaluation_agent.py::TestEvaluateAndRetry::test_evaluate_and_retry_eventually_succeeds PASSED [ 40%]
tests\unit\test_evaluation_agent.py::TestEvaluateAndRetry::test_evaluate_and_retry_max_retries_exceeded PASSED [ 41%]
tests\unit\test_logger.py::TestLogEvent::test_log_event_inserts_row PASSED [ 41%]
tests\unit\test_logger.py::TestLogEvent::test_log_event_stores_correct_data PASSED [ 42%]
tests\unit\test_logger.py::TestLogEvent::test_log_event_multiple_entries PASSED [ 43%]
tests\unit\test_logger.py::TestLogEvent::test_log_event_with_unicode PASSED [ 43%]
tests\unit\test_logger.py::TestLogEvent::test_log_event_empty_payload PASSED [ 44%]
tests\unit\test_logger.py::TestLogEvent::test_log_event_does_not_raise_on_db_error PASSED [ 45%]
tests\unit\test_notification_agent.py::TestDecodeSubject::test_plain_subject PASSED [ 46%]
tests\unit\test_notification_agent.py::TestDecodeSubject::test_encoded_subject PASSED [ 46%]
tests\unit\test_notification_agent.py::TestDecodeSubject::test_empty_subject PASSED [ 47%]
tests\unit\test_notification_agent.py::TestDecodeSubject::test_none_subject PASSED [ 48%]
tests\unit\test_notification_agent.py::TestFormatDatetime::test_valid_iso PASSED [ 48%]
tests\unit\test_notification_agent.py::TestFormatDatetime::test_invalid_iso PASSED [ 49%]
tests\unit\test_notification_agent.py::TestFormatDatetime::test_empty_string PASSED [ 50%]
tests\unit\test_notification_agent.py::TestBuildSuccessEmail::test_returns_mime_message PASSED [ 51%]
tests\unit\test_notification_agent.py::TestBuildConflictEmail::test_returns_mime_message_with_suggestions PASSED [ 51%]
tests\unit\test_notification_agent.py::TestBuildConflictEmail::test_empty_suggestions PASSED [ 52%]
tests\unit\test_notification_agent.py::TestBuildCancelEmail::test_returns_mime_message PASSED [ 53%]
tests\unit\test_notification_agent.py::TestBuildCancelNotFoundEmail::test_returns_mime_message PASSED [ 53%]
tests\unit\test_notification_agent.py::TestBuildRescheduleEmail::test_returns_mime_message PASSED [ 54%]
tests\unit\test_notification_agent.py::TestBuildRescheduleNotFoundEmail::test_returns_mime_message PASSED [ 55%]
tests\unit\test_notification_agent.py::TestBuildErrorEmail::test_returns_mime_message PASSED [ 56%]
tests\unit\test_notification_agent.py::TestSend::test_send_success PASSED [ 56%]
tests\unit\test_notification_agent.py::TestSend::test_send_failure PASSED [ 57%]
tests\unit\test_notification_agent.py::TestSendNotification::test_send_created_notification PASSED [ 58%]
tests\unit\test_notification_agent.py::TestSendNotification::test_send_cancelled_notification PASSED [ 58%]
tests\unit\test_notification_agent.py::TestSendNotification::test_send_conflict_notification PASSED [ 59%]
tests\unit\test_notification_agent.py::TestSendNotification::test_send_not_found_notification PASSED [ 60%]
tests\unit\test_notification_agent.py::TestSendNotification::test_send_rescheduled_notification PASSED [ 61%]
tests\unit\test_notification_agent.py::TestSendNotification::test_send_error_notification PASSED [ 61%]
tests\unit\test_notification_agent.py::TestSendNotification::test_send_failure_returns_error PASSED [ 62%]
tests\unit\test_orchestrator.py::TestRunPipeline::test_schedule_flow PASSED [ 63%]
tests\unit\test_orchestrator.py::TestRunPipeline::test_schedule_flow_with_conflict PASSED [ 64%]
tests\unit\test_orchestrator.py::TestRunPipeline::test_cancel_flow PASSED [ 64%]
tests\unit\test_orchestrator.py::TestRunPipeline::test_reschedule_flow PASSED [ 65%]
tests\unit\test_orchestrator.py::TestRunPipeline::test_inquiry_flow PASSED [ 66%]
tests\unit\test_orchestrator.py::TestRunPipeline::test_other_flow PASSED [ 66%]
tests\unit\test_orchestrator.py::TestRunPipeline::test_schedule_flow_no_conflict PASSED [ 67%]
tests\unit\test_spam_filter.py::TestNormalize::test_lowercases PASSED    [ 68%]
tests\unit\test_spam_filter.py::TestNormalize::test_strips_whitespace PASSED [ 69%]
tests\unit\test_spam_filter.py::TestNormalize::test_combined PASSED      [ 69%]
tests\unit\test_spam_filter.py::TestCheckSender::test_spam_sender_noreply PASSED [ 70%]
tests\unit\test_spam_filter.py::TestCheckSender::test_spam_sender_newsletter PASSED [ 71%]
tests\unit\test_spam_filter.py::TestCheckSender::test_spam_sender_marketing PASSED [ 71%]
tests\unit\test_spam_filter.py::TestCheckSender::test_clean_sender PASSED [ 72%]
tests\unit\test_spam_filter.py::TestCheckSender::test_empty_sender PASSED [ 73%]
tests\unit\test_spam_filter.py::TestCheckSender::test_case_insensitive PASSED [ 74%]
tests\unit\test_spam_filter.py::TestCheckSubject::test_spam_subject_unsubscribe PASSED [ 74%]
tests\unit\test_spam_filter.py::TestCheckSubject::test_spam_subject_discount PASSED [ 75%]
tests\unit\test_spam_filter.py::TestCheckSubject::test_spam_subject_khuyen_mai PASSED [ 76%]
tests\unit\test_spam_filter.py::TestCheckSubject::test_clean_subject PASSED [ 76%]
tests\unit\test_spam_filter.py::TestCheckSubject::test_empty_subject PASSED [ 77%]
tests\unit\test_spam_filter.py::TestCheckBody::test_spam_body_unsubscribe_link PASSED [ 78%]
tests\unit\test_spam_filter.py::TestCheckBody::test_spam_body_automated_message PASSED [ 79%]
tests\unit\test_spam_filter.py::TestCheckBody::test_spam_body_copyright PASSED [ 79%]
tests\unit\test_spam_filter.py::TestCheckBody::test_clean_body PASSED    [ 80%]
tests\unit\test_spam_filter.py::TestCheckBody::test_empty_body PASSED    [ 81%]
tests\unit\test_spam_filter.py::TestIsSpam::test_spam_by_sender PASSED   [ 82%]
tests\unit\test_spam_filter.py::TestIsSpam::test_spam_by_subject PASSED  [ 82%]
tests\unit\test_spam_filter.py::TestIsSpam::test_spam_by_body PASSED     [ 83%]
tests\unit\test_spam_filter.py::TestIsSpam::test_clean_email PASSED      [ 84%]
tests\unit\test_spam_filter.py::TestIsSpam::test_sender_takes_priority PASSED [ 84%]
tests\unit\test_spam_filter.py::TestIsSpam::test_subject_checked_when_sender_clean PASSED [ 85%]
tests\unit\test_spam_filter.py::TestIsSpam::test_body_checked_when_sender_and_subject_clean PASSED [ 86%]
tests\unit\test_spam_filter.py::TestIsSpam::test_email_with_missing_attributes PASSED [ 87%]
tests\unit\test_spam_filter.py::TestIsSpam::test_email_with_none_attributes PASSED [ 87%]
tests\unit\test_spam_filter.py::TestIsSpam::test_spam_keyword_lists_are_populated PASSED [ 88%]
tests\unit\test_sqlite.py::TestDatabaseConnection::test_get_connection PASSED [ 89%]
tests\unit\test_sqlite.py::TestDatabaseConnection::test_init_db_creates_table PASSED [ 89%]
tests\unit\test_sqlite.py::TestDatabaseConnection::test_init_db_idempotent PASSED [ 90%]
tests\unit\test_sqlite.py::TestGetLogStats::test_empty_db_returns_zeros PASSED [ 91%]
tests\unit\test_sqlite.py::TestGetLogStats::test_returns_correct_counts PASSED [ 92%]
tests\unit\test_sqlite.py::TestGetLogs::test_empty_db_returns_empty PASSED [ 92%]
tests\unit\test_sqlite.py::TestGetLogs::test_returns_all_items PASSED    [ 93%]
tests\unit\test_sqlite.py::TestGetLogs::test_pagination PASSED           [ 94%]
tests\unit\test_sqlite.py::TestGetLogs::test_filter_by_agent PASSED      [ 94%]
tests\unit\test_sqlite.py::TestGetLogs::test_filter_by_status PASSED     [ 95%]
tests\unit\test_sqlite.py::TestGetLogs::test_filter_by_agent_and_status PASSED [ 96%]
tests\unit\test_sqlite.py::TestGetLogs::test_search_in_payload PASSED    [ 97%]
tests\unit\test_sqlite.py::TestGetLogs::test_search_no_match PASSED      [ 97%]
tests\unit\test_sqlite.py::TestGetLogs::test_date_filter PASSED          [ 98%]
tests\unit\test_sqlite.py::TestGetLogs::test_items_have_correct_keys PASSED [ 99%]
tests\unit\test_sqlite.py::TestGetLogs::test_payload_is_json_string PASSED [100%]

============================= 139 passed in 5.16s =============================
